This file contains any messages produced by compilers while
running configure, to aid debugging if configure makes a mistake.

It was created by LAV configure 0.01, which was
generated by GNU Autoconf 2.68.  Invocation command line was

  $ ./configure --enable-yices --prefix=/home/alextrax/FV_project/LAV/LAV/install/

## --------- ##
## Platform. ##
## --------- ##

hostname = alextrax-virtual-machine
uname -m = x86_64
uname -r = 4.4.0-53-generic
uname -s = Linux
uname -v = #74-Ubuntu SMP Fri Dec 2 15:59:10 UTC 2016

/usr/bin/uname -p = unknown
/bin/uname -X     = unknown

/bin/arch              = unknown
/usr/bin/arch -k       = unknown
/usr/convex/getsysinfo = unknown
/usr/bin/hostinfo      = unknown
/bin/machine           = unknown
/usr/bin/oslevel       = unknown
/bin/universe          = unknown

PATH: /home/alextrax/FV_project/LAV/llvm-3.3_install/bin
PATH: /home/alextrax/FV_project/LAV/clang+llvm-3.3-Ubuntu-13.04-x86_64-linux-gnu/bin/
PATH: /home/alextrax/.opam/system/bin
PATH: /home/alextrax/bin
PATH: /home/alextrax/.local/bin
PATH: /usr/local/sbin
PATH: /usr/local/bin
PATH: /usr/sbin
PATH: /usr/bin
PATH: /sbin
PATH: /bin
PATH: /usr/games
PATH: /usr/local/games
PATH: /snap/bin
PATH: /usr/lib/llvm-3.4/bin/


## ----------- ##
## Core tests. ##
## ----------- ##

configure:2555: checking llvm source dir
configure:2596: result: /home/alextrax/FV_project/LAV/llvm-3.3.src
configure:2599: checking llvm obj dir
configure:2601: result: /home/alextrax/FV_project/LAV/llvm-3.3.src
configure:2669: checking for g++
configure:2685: found /usr/bin/g++
configure:2696: result: g++
configure:2723: checking for C++ compiler version
configure:2732: g++ --version >&5
g++ (Ubuntu 5.4.0-6ubuntu1~16.04.4) 5.4.0 20160609
Copyright (C) 2015 Free Software Foundation, Inc.
This is free software; see the source for copying conditions.  There is NO
warranty; not even for MERCHANTABILITY or FITNESS FOR A PARTICULAR PURPOSE.

configure:2743: $? = 0
configure:2732: g++ -v >&5
Using built-in specs.
COLLECT_GCC=g++
COLLECT_LTO_WRAPPER=/usr/lib/gcc/x86_64-linux-gnu/5/lto-wrapper
Target: x86_64-linux-gnu
Configured with: ../src/configure -v --with-pkgversion='Ubuntu 5.4.0-6ubuntu1~16.04.4' --with-bugurl=file:///usr/share/doc/gcc-5/README.Bugs --enable-languages=c,ada,c++,java,go,d,fortran,objc,obj-c++ --prefix=/usr --program-suffix=-5 --enable-shared --enable-linker-build-id --libexecdir=/usr/lib --without-included-gettext --enable-threads=posix --libdir=/usr/lib --enable-nls --with-sysroot=/ --enable-clocale=gnu --enable-libstdcxx-debug --enable-libstdcxx-time=yes --with-default-libstdcxx-abi=new --enable-gnu-unique-object --disable-vtable-verify --enable-libmpx --enable-plugin --with-system-zlib --disable-browser-plugin --enable-java-awt=gtk --enable-gtk-cairo --with-java-home=/usr/lib/jvm/java-1.5.0-gcj-5-amd64/jre --enable-java-home --with-jvm-root-dir=/usr/lib/jvm/java-1.5.0-gcj-5-amd64 --with-jvm-jar-dir=/usr/lib/jvm-exports/java-1.5.0-gcj-5-amd64 --with-arch-directory=amd64 --with-ecj-jar=/usr/share/java/eclipse-ecj.jar --enable-objc-gc --enable-multiarch --disable-werror --with-arch-32=i686 --with-abi=m64 --with-multilib-list=m32,m64,mx32 --enable-multilib --with-tune=generic --enable-checking=release --build=x86_64-linux-gnu --host=x86_64-linux-gnu --target=x86_64-linux-gnu
Thread model: posix
gcc version 5.4.0 20160609 (Ubuntu 5.4.0-6ubuntu1~16.04.4) 
configure:2743: $? = 0
configure:2732: g++ -V >&5
g++: error: unrecognized command line option '-V'
g++: fatal error: no input files
compilation terminated.
configure:2743: $? = 1
configure:2732: g++ -qversion >&5
g++: error: unrecognized command line option '-qversion'
g++: fatal error: no input files
compilation terminated.
configure:2743: $? = 1
configure:2763: checking whether the C++ compiler works
configure:2785: g++    conftest.cpp  >&5
configure:2789: $? = 0
configure:2837: result: yes
configure:2840: checking for C++ compiler default output file name
configure:2842: result: a.out
configure:2848: checking for suffix of executables
configure:2855: g++ -o conftest    conftest.cpp  >&5
configure:2859: $? = 0
configure:2881: result: 
configure:2903: checking whether we are cross compiling
configure:2911: g++ -o conftest    conftest.cpp  >&5
configure:2915: $? = 0
configure:2922: ./conftest
configure:2926: $? = 0
configure:2941: result: no
configure:2946: checking for suffix of object files
configure:2968: g++ -c   conftest.cpp >&5
configure:2972: $? = 0
configure:2993: result: o
configure:2997: checking whether we are using the GNU C++ compiler
configure:3016: g++ -c   conftest.cpp >&5
configure:3016: $? = 0
configure:3025: result: yes
configure:3034: checking whether g++ accepts -g
configure:3054: g++ -c -g  conftest.cpp >&5
configure:3054: $? = 0
configure:3095: result: yes
configure:3166: checking for gcc
configure:3182: found /usr/bin/gcc
configure:3193: result: gcc
configure:3422: checking for C compiler version
configure:3431: gcc --version >&5
gcc (Ubuntu 5.4.0-6ubuntu1~16.04.4) 5.4.0 20160609
Copyright (C) 2015 Free Software Foundation, Inc.
This is free software; see the source for copying conditions.  There is NO
warranty; not even for MERCHANTABILITY or FITNESS FOR A PARTICULAR PURPOSE.

configure:3442: $? = 0
configure:3431: gcc -v >&5
Using built-in specs.
COLLECT_GCC=gcc
COLLECT_LTO_WRAPPER=/usr/lib/gcc/x86_64-linux-gnu/5/lto-wrapper
Target: x86_64-linux-gnu
Configured with: ../src/configure -v --with-pkgversion='Ubuntu 5.4.0-6ubuntu1~16.04.4' --with-bugurl=file:///usr/share/doc/gcc-5/README.Bugs --enable-languages=c,ada,c++,java,go,d,fortran,objc,obj-c++ --prefix=/usr --program-suffix=-5 --enable-shared --enable-linker-build-id --libexecdir=/usr/lib --without-included-gettext --enable-threads=posix --libdir=/usr/lib --enable-nls --with-sysroot=/ --enable-clocale=gnu --enable-libstdcxx-debug --enable-libstdcxx-time=yes --with-default-libstdcxx-abi=new --enable-gnu-unique-object --disable-vtable-verify --enable-libmpx --enable-plugin --with-system-zlib --disable-browser-plugin --enable-java-awt=gtk --enable-gtk-cairo --with-java-home=/usr/lib/jvm/java-1.5.0-gcj-5-amd64/jre --enable-java-home --with-jvm-root-dir=/usr/lib/jvm/java-1.5.0-gcj-5-amd64 --with-jvm-jar-dir=/usr/lib/jvm-exports/java-1.5.0-gcj-5-amd64 --with-arch-directory=amd64 --with-ecj-jar=/usr/share/java/eclipse-ecj.jar --enable-objc-gc --enable-multiarch --disable-werror --with-arch-32=i686 --with-abi=m64 --with-multilib-list=m32,m64,mx32 --enable-multilib --with-tune=generic --enable-checking=release --build=x86_64-linux-gnu --host=x86_64-linux-gnu --target=x86_64-linux-gnu
Thread model: posix
gcc version 5.4.0 20160609 (Ubuntu 5.4.0-6ubuntu1~16.04.4) 
configure:3442: $? = 0
configure:3431: gcc -V >&5
gcc: error: unrecognized command line option '-V'
gcc: fatal error: no input files
compilation terminated.
configure:3442: $? = 1
configure:3431: gcc -qversion >&5
gcc: error: unrecognized command line option '-qversion'
gcc: fatal error: no input files
compilation terminated.
configure:3442: $? = 1
configure:3446: checking whether we are using the GNU C compiler
configure:3465: gcc -c   conftest.c >&5
configure:3465: $? = 0
configure:3474: result: yes
configure:3483: checking whether gcc accepts -g
configure:3503: gcc -c -g  conftest.c >&5
configure:3503: $? = 0
configure:3544: result: yes
configure:3561: checking for gcc option to accept ISO C89
configure:3625: gcc  -c -g -O2  conftest.c >&5
configure:3625: $? = 0
configure:3638: result: none needed
configure:3663: checking how to run the C preprocessor
configure:3694: gcc -E  conftest.c
configure:3694: $? = 0
configure:3708: gcc -E  conftest.c
conftest.c:9:28: fatal error: ac_nonexistent.h: No such file or directory
compilation terminated.
configure:3708: $? = 1
configure: failed program was:
| /* confdefs.h */
| #define PACKAGE_NAME "LAV"
| #define PACKAGE_TARNAME "-lav-"
| #define PACKAGE_VERSION "0.01"
| #define PACKAGE_STRING "LAV 0.01"
| #define PACKAGE_BUGREPORT "milena@matf.bg.ac.rs"
| #define PACKAGE_URL ""
| /* end confdefs.h.  */
| #include <ac_nonexistent.h>
configure:3733: result: gcc -E
configure:3753: gcc -E  conftest.c
configure:3753: $? = 0
configure:3767: gcc -E  conftest.c
conftest.c:9:28: fatal error: ac_nonexistent.h: No such file or directory
compilation terminated.
configure:3767: $? = 1
configure: failed program was:
| /* confdefs.h */
| #define PACKAGE_NAME "LAV"
| #define PACKAGE_TARNAME "-lav-"
| #define PACKAGE_VERSION "0.01"
| #define PACKAGE_STRING "LAV 0.01"
| #define PACKAGE_BUGREPORT "milena@matf.bg.ac.rs"
| #define PACKAGE_URL ""
| /* end confdefs.h.  */
| #include <ac_nonexistent.h>
configure:3924: checking for main in -lfl
configure:3943: g++ -o conftest -g -O2   conftest.cpp -lfl   >&5
/usr/bin/ld: cannot find -lfl
collect2: error: ld returned 1 exit status
configure:3943: $? = 1
configure: failed program was:
| /* confdefs.h */
| #define PACKAGE_NAME "LAV"
| #define PACKAGE_TARNAME "-lav-"
| #define PACKAGE_VERSION "0.01"
| #define PACKAGE_STRING "LAV 0.01"
| #define PACKAGE_BUGREPORT "milena@matf.bg.ac.rs"
| #define PACKAGE_URL ""
| #define YICES 1
| /* end confdefs.h.  */
| 
| 
| int
| main ()
| {
| return main ();
|   ;
|   return 0;
| }
configure:3952: result: no
configure:4006: checking for ranlib
configure:4022: found /usr/bin/ranlib
configure:4033: result: ranlib
configure:4056: checking for main in -lgmp
configure:4075: g++ -o conftest -g -O2   conftest.cpp -lgmp   >&5
configure:4075: $? = 0
configure:4084: result: yes
configure:4100: checking for main in -lgmpxx
configure:4119: g++ -o conftest -g -O2   conftest.cpp -lgmpxx  -lgmp  >&5
configure:4119: $? = 0
configure:4128: result: yes
configure:4155: checking for grep that handles long lines and -e
configure:4213: result: /bin/grep
configure:4218: checking for egrep
configure:4280: result: /bin/grep -E
configure:4285: checking for ANSI C header files
configure:4305: gcc -c -g -O2  conftest.c >&5
configure:4305: $? = 0
configure:4378: gcc -o conftest -g -O2   conftest.c -lgmpxx -lgmp  >&5
configure:4378: $? = 0
configure:4378: ./conftest
configure:4378: $? = 0
configure:4389: result: yes
configure:4402: checking for sys/types.h
configure:4402: gcc -c -g -O2  conftest.c >&5
configure:4402: $? = 0
configure:4402: result: yes
configure:4402: checking for sys/stat.h
configure:4402: gcc -c -g -O2  conftest.c >&5
configure:4402: $? = 0
configure:4402: result: yes
configure:4402: checking for stdlib.h
configure:4402: gcc -c -g -O2  conftest.c >&5
configure:4402: $? = 0
configure:4402: result: yes
configure:4402: checking for string.h
configure:4402: gcc -c -g -O2  conftest.c >&5
configure:4402: $? = 0
configure:4402: result: yes
configure:4402: checking for memory.h
configure:4402: gcc -c -g -O2  conftest.c >&5
configure:4402: $? = 0
configure:4402: result: yes
configure:4402: checking for strings.h
configure:4402: gcc -c -g -O2  conftest.c >&5
configure:4402: $? = 0
configure:4402: result: yes
configure:4402: checking for inttypes.h
configure:4402: gcc -c -g -O2  conftest.c >&5
configure:4402: $? = 0
configure:4402: result: yes
configure:4402: checking for stdint.h
configure:4402: gcc -c -g -O2  conftest.c >&5
configure:4402: $? = 0
configure:4402: result: yes
configure:4402: checking for unistd.h
configure:4402: gcc -c -g -O2  conftest.c >&5
configure:4402: $? = 0
configure:4402: result: yes
configure:4416: checking sys/acl.h usability
configure:4416: gcc -c -g -O2  conftest.c >&5
conftest.c:55:21: fatal error: sys/acl.h: No such file or directory
compilation terminated.
configure:4416: $? = 1
configure: failed program was:
| /* confdefs.h */
| #define PACKAGE_NAME "LAV"
| #define PACKAGE_TARNAME "-lav-"
| #define PACKAGE_VERSION "0.01"
| #define PACKAGE_STRING "LAV 0.01"
| #define PACKAGE_BUGREPORT "milena@matf.bg.ac.rs"
| #define PACKAGE_URL ""
| #define YICES 1
| #define HAVE_LIBGMP 1
| #define HAVE_LIBGMPXX 1
| #define STDC_HEADERS 1
| #define HAVE_SYS_TYPES_H 1
| #define HAVE_SYS_STAT_H 1
| #define HAVE_STDLIB_H 1
| #define HAVE_STRING_H 1
| #define HAVE_MEMORY_H 1
| #define HAVE_STRINGS_H 1
| #define HAVE_INTTYPES_H 1
| #define HAVE_STDINT_H 1
| #define HAVE_UNISTD_H 1
| /* end confdefs.h.  */
| #include <stdio.h>
| #ifdef HAVE_SYS_TYPES_H
| # include <sys/types.h>
| #endif
| #ifdef HAVE_SYS_STAT_H
| # include <sys/stat.h>
| #endif
| #ifdef STDC_HEADERS
| # include <stdlib.h>
| # include <stddef.h>
| #else
| # ifdef HAVE_STDLIB_H
| #  include <stdlib.h>
| # endif
| #endif
| #ifdef HAVE_STRING_H
| # if !defined STDC_HEADERS && defined HAVE_MEMORY_H
| #  include <memory.h>
| # endif
| # include <string.h>
| #endif
| #ifdef HAVE_STRINGS_H
| # include <strings.h>
| #endif
| #ifdef HAVE_INTTYPES_H
| # include <inttypes.h>
| #endif
| #ifdef HAVE_STDINT_H
| # include <stdint.h>
| #endif
| #ifdef HAVE_UNISTD_H
| # include <unistd.h>
| #endif
| #include <sys/acl.h>
configure:4416: result: no
configure:4416: checking sys/acl.h presence
configure:4416: gcc -E  conftest.c
conftest.c:22:21: fatal error: sys/acl.h: No such file or directory
compilation terminated.
configure:4416: $? = 1
configure: failed program was:
| /* confdefs.h */
| #define PACKAGE_NAME "LAV"
| #define PACKAGE_TARNAME "-lav-"
| #define PACKAGE_VERSION "0.01"
| #define PACKAGE_STRING "LAV 0.01"
| #define PACKAGE_BUGREPORT "milena@matf.bg.ac.rs"
| #define PACKAGE_URL ""
| #define YICES 1
| #define HAVE_LIBGMP 1
| #define HAVE_LIBGMPXX 1
| #define STDC_HEADERS 1
| #define HAVE_SYS_TYPES_H 1
| #define HAVE_SYS_STAT_H 1
| #define HAVE_STDLIB_H 1
| #define HAVE_STRING_H 1
| #define HAVE_MEMORY_H 1
| #define HAVE_STRINGS_H 1
| #define HAVE_INTTYPES_H 1
| #define HAVE_STDINT_H 1
| #define HAVE_UNISTD_H 1
| /* end confdefs.h.  */
| #include <sys/acl.h>
configure:4416: result: no
configure:4416: checking for sys/acl.h
configure:4416: result: no
configure:4444: checking how to run the C++ preprocessor
configure:4471: g++ -E  conftest.cpp
configure:4471: $? = 0
configure:4485: g++ -E  conftest.cpp
conftest.cpp:22:28: fatal error: ac_nonexistent.h: No such file or directory
compilation terminated.
configure:4485: $? = 1
configure: failed program was:
| /* confdefs.h */
| #define PACKAGE_NAME "LAV"
| #define PACKAGE_TARNAME "-lav-"
| #define PACKAGE_VERSION "0.01"
| #define PACKAGE_STRING "LAV 0.01"
| #define PACKAGE_BUGREPORT "milena@matf.bg.ac.rs"
| #define PACKAGE_URL ""
| #define YICES 1
| #define HAVE_LIBGMP 1
| #define HAVE_LIBGMPXX 1
| #define STDC_HEADERS 1
| #define HAVE_SYS_TYPES_H 1
| #define HAVE_SYS_STAT_H 1
| #define HAVE_STDLIB_H 1
| #define HAVE_STRING_H 1
| #define HAVE_MEMORY_H 1
| #define HAVE_STRINGS_H 1
| #define HAVE_INTTYPES_H 1
| #define HAVE_STDINT_H 1
| #define HAVE_UNISTD_H 1
| /* end confdefs.h.  */
| #include <ac_nonexistent.h>
configure:4510: result: g++ -E
configure:4530: g++ -E  conftest.cpp
configure:4530: $? = 0
configure:4544: g++ -E  conftest.cpp
conftest.cpp:22:28: fatal error: ac_nonexistent.h: No such file or directory
compilation terminated.
configure:4544: $? = 1
configure: failed program was:
| /* confdefs.h */
| #define PACKAGE_NAME "LAV"
| #define PACKAGE_TARNAME "-lav-"
| #define PACKAGE_VERSION "0.01"
| #define PACKAGE_STRING "LAV 0.01"
| #define PACKAGE_BUGREPORT "milena@matf.bg.ac.rs"
| #define PACKAGE_URL ""
| #define YICES 1
| #define HAVE_LIBGMP 1
| #define HAVE_LIBGMPXX 1
| #define STDC_HEADERS 1
| #define HAVE_SYS_TYPES_H 1
| #define HAVE_SYS_STAT_H 1
| #define HAVE_STDLIB_H 1
| #define HAVE_STRING_H 1
| #define HAVE_MEMORY_H 1
| #define HAVE_STRINGS_H 1
| #define HAVE_INTTYPES_H 1
| #define HAVE_STDINT_H 1
| #define HAVE_UNISTD_H 1
| /* end confdefs.h.  */
| #include <ac_nonexistent.h>
configure:4575: checking for sys/acl.h
configure:4575: result: no
configure:4593: checking for size_t
configure:4593: g++ -c -g -O2  conftest.cpp >&5
configure:4593: $? = 0
configure:4593: g++ -c -g -O2  conftest.cpp >&5
conftest.cpp: In function 'int main()':
conftest.cpp:58:20: error: expected primary-expression before ')' token
 if (sizeof ((size_t)))
                    ^
configure:4593: $? = 1
configure: failed program was:
| /* confdefs.h */
| #define PACKAGE_NAME "LAV"
| #define PACKAGE_TARNAME "-lav-"
| #define PACKAGE_VERSION "0.01"
| #define PACKAGE_STRING "LAV 0.01"
| #define PACKAGE_BUGREPORT "milena@matf.bg.ac.rs"
| #define PACKAGE_URL ""
| #define YICES 1
| #define HAVE_LIBGMP 1
| #define HAVE_LIBGMPXX 1
| #define STDC_HEADERS 1
| #define HAVE_SYS_TYPES_H 1
| #define HAVE_SYS_STAT_H 1
| #define HAVE_STDLIB_H 1
| #define HAVE_STRING_H 1
| #define HAVE_MEMORY_H 1
| #define HAVE_STRINGS_H 1
| #define HAVE_INTTYPES_H 1
| #define HAVE_STDINT_H 1
| #define HAVE_UNISTD_H 1
| /* end confdefs.h.  */
| #include <stdio.h>
| #ifdef HAVE_SYS_TYPES_H
| # include <sys/types.h>
| #endif
| #ifdef HAVE_SYS_STAT_H
| # include <sys/stat.h>
| #endif
| #ifdef STDC_HEADERS
| # include <stdlib.h>
| # include <stddef.h>
| #else
| # ifdef HAVE_STDLIB_H
| #  include <stdlib.h>
| # endif
| #endif
| #ifdef HAVE_STRING_H
| # if !defined STDC_HEADERS && defined HAVE_MEMORY_H
| #  include <memory.h>
| # endif
| # include <string.h>
| #endif
| #ifdef HAVE_STRINGS_H
| # include <strings.h>
| #endif
| #ifdef HAVE_INTTYPES_H
| # include <inttypes.h>
| #endif
| #ifdef HAVE_STDINT_H
| # include <stdint.h>
| #endif
| #ifdef HAVE_UNISTD_H
| # include <unistd.h>
| #endif
| int
| main ()
| {
| if (sizeof ((size_t)))
| 	    return 0;
|   ;
|   return 0;
| }
configure:4593: result: yes
configure:4606: checking for working alloca.h
configure:4623: g++ -o conftest -g -O2   conftest.cpp -lgmpxx -lgmp  >&5
configure:4623: $? = 0
configure:4631: result: yes
configure:4639: checking for alloca
configure:4676: g++ -o conftest -g -O2   conftest.cpp -lgmpxx -lgmp  >&5
configure:4676: $? = 0
configure:4684: result: yes
configure:4796: checking for inttypes.h
configure:4796: result: yes
configure:4796: checking libintl.h usability
configure:4796: g++ -c -g -O2  conftest.cpp >&5
configure:4796: $? = 0
configure:4796: result: yes
configure:4796: checking libintl.h presence
configure:4796: g++ -E  conftest.cpp
configure:4796: $? = 0
configure:4796: result: yes
configure:4796: checking for libintl.h
configure:4796: result: yes
configure:4796: checking limits.h usability
configure:4796: g++ -c -g -O2  conftest.cpp >&5
configure:4796: $? = 0
configure:4796: result: yes
configure:4796: checking limits.h presence
configure:4796: g++ -E  conftest.cpp
configure:4796: $? = 0
configure:4796: result: yes
configure:4796: checking for limits.h
configure:4796: result: yes
configure:4796: checking malloc.h usability
configure:4796: g++ -c -g -O2  conftest.cpp >&5
configure:4796: $? = 0
configure:4796: result: yes
configure:4796: checking malloc.h presence
configure:4796: g++ -E  conftest.cpp
configure:4796: $? = 0
configure:4796: result: yes
configure:4796: checking for malloc.h
configure:4796: result: yes
configure:4796: checking for memory.h
configure:4796: result: yes
configure:4796: checking stddef.h usability
configure:4796: g++ -c -g -O2  conftest.cpp >&5
configure:4796: $? = 0
configure:4796: result: yes
configure:4796: checking stddef.h presence
configure:4796: g++ -E  conftest.cpp
configure:4796: $? = 0
configure:4796: result: yes
configure:4796: checking for stddef.h
configure:4796: result: yes
configure:4808: checking for inline
configure:4824: g++ -c -g -O2  conftest.cpp >&5
configure:4824: $? = 0
configure:4832: result: inline
configure:4850: checking for int16_t
configure:4850: g++ -c -g -O2  conftest.cpp >&5
configure:4850: $? = 0
configure:4850: g++ -c -g -O2  conftest.cpp >&5
conftest.cpp: In function 'int main()':
conftest.cpp:68:58: error: size of array 'test_array' is negative
    < (int16_t) (((((int16_t) 1 << N) << N) - 1) * 2 + 2))];
                                                          ^
configure:4850: $? = 1
configure: failed program was:
| /* confdefs.h */
| #define PACKAGE_NAME "LAV"
| #define PACKAGE_TARNAME "-lav-"
| #define PACKAGE_VERSION "0.01"
| #define PACKAGE_STRING "LAV 0.01"
| #define PACKAGE_BUGREPORT "milena@matf.bg.ac.rs"
| #define PACKAGE_URL ""
| #define YICES 1
| #define HAVE_LIBGMP 1
| #define HAVE_LIBGMPXX 1
| #define STDC_HEADERS 1
| #define HAVE_SYS_TYPES_H 1
| #define HAVE_SYS_STAT_H 1
| #define HAVE_STDLIB_H 1
| #define HAVE_STRING_H 1
| #define HAVE_MEMORY_H 1
| #define HAVE_STRINGS_H 1
| #define HAVE_INTTYPES_H 1
| #define HAVE_STDINT_H 1
| #define HAVE_UNISTD_H 1
| #define HAVE_ALLOCA_H 1
| #define HAVE_ALLOCA 1
| #define HAVE_INTTYPES_H 1
| #define HAVE_LIBINTL_H 1
| #define HAVE_LIMITS_H 1
| #define HAVE_MALLOC_H 1
| #define HAVE_MEMORY_H 1
| #define HAVE_STDDEF_H 1
| /* end confdefs.h.  */
| #include <stdio.h>
| #ifdef HAVE_SYS_TYPES_H
| # include <sys/types.h>
| #endif
| #ifdef HAVE_SYS_STAT_H
| # include <sys/stat.h>
| #endif
| #ifdef STDC_HEADERS
| # include <stdlib.h>
| # include <stddef.h>
| #else
| # ifdef HAVE_STDLIB_H
| #  include <stdlib.h>
| # endif
| #endif
| #ifdef HAVE_STRING_H
| # if !defined STDC_HEADERS && defined HAVE_MEMORY_H
| #  include <memory.h>
| # endif
| # include <string.h>
| #endif
| #ifdef HAVE_STRINGS_H
| # include <strings.h>
| #endif
| #ifdef HAVE_INTTYPES_H
| # include <inttypes.h>
| #endif
| #ifdef HAVE_STDINT_H
| # include <stdint.h>
| #endif
| #ifdef HAVE_UNISTD_H
| # include <unistd.h>
| #endif
| 	        enum { N = 16 / 2 - 1 };
| int
| main ()
| {
| static int test_array [1 - 2 * !((int16_t) (((((int16_t) 1 << N) << N) - 1) * 2 + 1)
| 		 < (int16_t) (((((int16_t) 1 << N) << N) - 1) * 2 + 2))];
| test_array [0] = 0
| 
|   ;
|   return 0;
| }
configure:4850: result: yes
configure:4861: checking for int32_t
configure:4861: g++ -c -g -O2  conftest.cpp >&5
configure:4861: $? = 0
configure:4861: g++ -c -g -O2  conftest.cpp >&5
conftest.cpp: In function 'int main()':
conftest.cpp:68:53: warning: integer overflow in expression [-Woverflow]
    < (int32_t) (((((int32_t) 1 << N) << N) - 1) * 2 + 2))];
                                                     ^
conftest.cpp:68:58: error: size of array 'test_array' is negative
    < (int32_t) (((((int32_t) 1 << N) << N) - 1) * 2 + 2))];
                                                          ^
configure:4861: $? = 1
configure: failed program was:
| /* confdefs.h */
| #define PACKAGE_NAME "LAV"
| #define PACKAGE_TARNAME "-lav-"
| #define PACKAGE_VERSION "0.01"
| #define PACKAGE_STRING "LAV 0.01"
| #define PACKAGE_BUGREPORT "milena@matf.bg.ac.rs"
| #define PACKAGE_URL ""
| #define YICES 1
| #define HAVE_LIBGMP 1
| #define HAVE_LIBGMPXX 1
| #define STDC_HEADERS 1
| #define HAVE_SYS_TYPES_H 1
| #define HAVE_SYS_STAT_H 1
| #define HAVE_STDLIB_H 1
| #define HAVE_STRING_H 1
| #define HAVE_MEMORY_H 1
| #define HAVE_STRINGS_H 1
| #define HAVE_INTTYPES_H 1
| #define HAVE_STDINT_H 1
| #define HAVE_UNISTD_H 1
| #define HAVE_ALLOCA_H 1
| #define HAVE_ALLOCA 1
| #define HAVE_INTTYPES_H 1
| #define HAVE_LIBINTL_H 1
| #define HAVE_LIMITS_H 1
| #define HAVE_MALLOC_H 1
| #define HAVE_MEMORY_H 1
| #define HAVE_STDDEF_H 1
| /* end confdefs.h.  */
| #include <stdio.h>
| #ifdef HAVE_SYS_TYPES_H
| # include <sys/types.h>
| #endif
| #ifdef HAVE_SYS_STAT_H
| # include <sys/stat.h>
| #endif
| #ifdef STDC_HEADERS
| # include <stdlib.h>
| # include <stddef.h>
| #else
| # ifdef HAVE_STDLIB_H
| #  include <stdlib.h>
| # endif
| #endif
| #ifdef HAVE_STRING_H
| # if !defined STDC_HEADERS && defined HAVE_MEMORY_H
| #  include <memory.h>
| # endif
| # include <string.h>
| #endif
| #ifdef HAVE_STRINGS_H
| # include <strings.h>
| #endif
| #ifdef HAVE_INTTYPES_H
| # include <inttypes.h>
| #endif
| #ifdef HAVE_STDINT_H
| # include <stdint.h>
| #endif
| #ifdef HAVE_UNISTD_H
| # include <unistd.h>
| #endif
| 	        enum { N = 32 / 2 - 1 };
| int
| main ()
| {
| static int test_array [1 - 2 * !((int32_t) (((((int32_t) 1 << N) << N) - 1) * 2 + 1)
| 		 < (int32_t) (((((int32_t) 1 << N) << N) - 1) * 2 + 2))];
| test_array [0] = 0
| 
|   ;
|   return 0;
| }
configure:4861: result: yes
configure:4872: checking for int8_t
configure:4872: g++ -c -g -O2  conftest.cpp >&5
configure:4872: $? = 0
configure:4872: g++ -c -g -O2  conftest.cpp >&5
conftest.cpp: In function 'int main()':
conftest.cpp:68:56: error: size of array 'test_array' is negative
    < (int8_t) (((((int8_t) 1 << N) << N) - 1) * 2 + 2))];
                                                        ^
configure:4872: $? = 1
configure: failed program was:
| /* confdefs.h */
| #define PACKAGE_NAME "LAV"
| #define PACKAGE_TARNAME "-lav-"
| #define PACKAGE_VERSION "0.01"
| #define PACKAGE_STRING "LAV 0.01"
| #define PACKAGE_BUGREPORT "milena@matf.bg.ac.rs"
| #define PACKAGE_URL ""
| #define YICES 1
| #define HAVE_LIBGMP 1
| #define HAVE_LIBGMPXX 1
| #define STDC_HEADERS 1
| #define HAVE_SYS_TYPES_H 1
| #define HAVE_SYS_STAT_H 1
| #define HAVE_STDLIB_H 1
| #define HAVE_STRING_H 1
| #define HAVE_MEMORY_H 1
| #define HAVE_STRINGS_H 1
| #define HAVE_INTTYPES_H 1
| #define HAVE_STDINT_H 1
| #define HAVE_UNISTD_H 1
| #define HAVE_ALLOCA_H 1
| #define HAVE_ALLOCA 1
| #define HAVE_INTTYPES_H 1
| #define HAVE_LIBINTL_H 1
| #define HAVE_LIMITS_H 1
| #define HAVE_MALLOC_H 1
| #define HAVE_MEMORY_H 1
| #define HAVE_STDDEF_H 1
| /* end confdefs.h.  */
| #include <stdio.h>
| #ifdef HAVE_SYS_TYPES_H
| # include <sys/types.h>
| #endif
| #ifdef HAVE_SYS_STAT_H
| # include <sys/stat.h>
| #endif
| #ifdef STDC_HEADERS
| # include <stdlib.h>
| # include <stddef.h>
| #else
| # ifdef HAVE_STDLIB_H
| #  include <stdlib.h>
| # endif
| #endif
| #ifdef HAVE_STRING_H
| # if !defined STDC_HEADERS && defined HAVE_MEMORY_H
| #  include <memory.h>
| # endif
| # include <string.h>
| #endif
| #ifdef HAVE_STRINGS_H
| # include <strings.h>
| #endif
| #ifdef HAVE_INTTYPES_H
| # include <inttypes.h>
| #endif
| #ifdef HAVE_STDINT_H
| # include <stdint.h>
| #endif
| #ifdef HAVE_UNISTD_H
| # include <unistd.h>
| #endif
| 	        enum { N = 8 / 2 - 1 };
| int
| main ()
| {
| static int test_array [1 - 2 * !((int8_t) (((((int8_t) 1 << N) << N) - 1) * 2 + 1)
| 		 < (int8_t) (((((int8_t) 1 << N) << N) - 1) * 2 + 2))];
| test_array [0] = 0
| 
|   ;
|   return 0;
| }
configure:4872: result: yes
configure:4883: checking for size_t
configure:4883: result: yes
configure:4894: checking for uint16_t
configure:4894: g++ -c -g -O2  conftest.cpp >&5
configure:4894: $? = 0
configure:4894: result: yes
configure:4906: checking for uint32_t
configure:4906: g++ -c -g -O2  conftest.cpp >&5
configure:4906: $? = 0
configure:4906: result: yes
configure:4920: checking for uint64_t
configure:4920: g++ -c -g -O2  conftest.cpp >&5
configure:4920: $? = 0
configure:4920: result: yes
configure:4934: checking for uint8_t
configure:4934: g++ -c -g -O2  conftest.cpp >&5
configure:4934: $? = 0
configure:4934: result: yes
configure:4950: checking for error_at_line
configure:4966: g++ -o conftest -g -O2   conftest.cpp -lgmpxx -lgmp  >&5
configure:4966: $? = 0
configure:4974: result: yes
configure:4985: checking whether lstat correctly handles trailing slash
configure:5011: g++ -o conftest -g -O2   conftest.cpp -lgmpxx -lgmp  >&5
configure:5011: $? = 0
configure:5011: ./conftest
configure:5011: $? = 0
configure:5028: result: yes
configure:5049: checking for stdlib.h
configure:5049: result: yes
configure:5059: checking for GNU libc compatible malloc
configure:5083: g++ -o conftest -g -O2   conftest.cpp -lgmpxx -lgmp  >&5
configure:5083: $? = 0
configure:5083: ./conftest
configure:5083: $? = 0
configure:5093: result: yes
configure:5116: checking for stdlib.h
configure:5116: result: yes
configure:5126: checking for GNU libc compatible realloc
configure:5150: g++ -o conftest -g -O2   conftest.cpp -lgmpxx -lgmp  >&5
configure:5150: $? = 0
configure:5150: ./conftest
configure:5150: $? = 0
configure:5160: result: yes
configure:5184: checking for atexit
configure:5184: g++ -o conftest -g -O2   conftest.cpp -lgmpxx -lgmp  >&5
configure:5184: $? = 0
configure:5184: result: yes
configure:5184: checking for memset
configure:5184: g++ -o conftest -g -O2   conftest.cpp -lgmpxx -lgmp  >&5
configure:5184: $? = 0
configure:5184: result: yes
configure:5184: checking for pow
configure:5184: g++ -o conftest -g -O2   conftest.cpp -lgmpxx -lgmp  >&5
configure:5184: $? = 0
configure:5184: result: yes
configure:5184: checking for select
configure:5184: g++ -o conftest -g -O2   conftest.cpp -lgmpxx -lgmp  >&5
configure:5184: $? = 0
configure:5184: result: yes
configure:5184: checking for strerror
configure:5184: g++ -o conftest -g -O2   conftest.cpp -lgmpxx -lgmp  >&5
configure:5184: $? = 0
configure:5184: result: yes
configure:5184: checking for strstr
configure:5184: g++ -o conftest -g -O2   conftest.cpp -lgmpxx -lgmp  >&5
configure:5184: $? = 0
configure:5184: result: yes
configure:5310: creating ./config.status

## ---------------------- ##
## Running config.status. ##
## ---------------------- ##

This file was extended by LAV config.status 0.01, which was
generated by GNU Autoconf 2.68.  Invocation command line was

  CONFIG_FILES    = 
  CONFIG_HEADERS  = 
  CONFIG_LINKS    = 
  CONFIG_COMMANDS = 
  $ ./config.status 

on alextrax-virtual-machine

config.status:843: creating Makefile.config
config.status:843: creating include/config.h
config.status:1013: include/config.h is unchanged

## ---------------- ##
## Cache variables. ##
## ---------------- ##

ac_cv_c_compiler_gnu=yes
ac_cv_c_inline=inline
ac_cv_c_int16_t=yes
ac_cv_c_int32_t=yes
ac_cv_c_int8_t=yes
ac_cv_c_uint16_t=yes
ac_cv_c_uint32_t=yes
ac_cv_c_uint64_t=yes
ac_cv_c_uint8_t=yes
ac_cv_cxx_compiler_gnu=yes
ac_cv_env_CCC_set=
ac_cv_env_CCC_value=
ac_cv_env_CC_set=
ac_cv_env_CC_value=
ac_cv_env_CFLAGS_set=
ac_cv_env_CFLAGS_value=
ac_cv_env_CPPFLAGS_set=
ac_cv_env_CPPFLAGS_value=
ac_cv_env_CPP_set=
ac_cv_env_CPP_value=
ac_cv_env_CXXCPP_set=
ac_cv_env_CXXCPP_value=
ac_cv_env_CXXFLAGS_set=
ac_cv_env_CXXFLAGS_value=
ac_cv_env_CXX_set=
ac_cv_env_CXX_value=
ac_cv_env_LDFLAGS_set=
ac_cv_env_LDFLAGS_value=
ac_cv_env_LIBS_set=
ac_cv_env_LIBS_value=
ac_cv_env_build_alias_set=
ac_cv_env_build_alias_value=
ac_cv_env_host_alias_set=
ac_cv_env_host_alias_value=
ac_cv_env_target_alias_set=
ac_cv_env_target_alias_value=
ac_cv_func_alloca_works=yes
ac_cv_func_atexit=yes
ac_cv_func_lstat_dereferences_slashed_symlink=yes
ac_cv_func_malloc_0_nonnull=yes
ac_cv_func_memset=yes
ac_cv_func_pow=yes
ac_cv_func_realloc_0_nonnull=yes
ac_cv_func_select=yes
ac_cv_func_strerror=yes
ac_cv_func_strstr=yes
ac_cv_header_inttypes_h=yes
ac_cv_header_libintl_h=yes
ac_cv_header_limits_h=yes
ac_cv_header_malloc_h=yes
ac_cv_header_memory_h=yes
ac_cv_header_stdc=yes
ac_cv_header_stddef_h=yes
ac_cv_header_stdint_h=yes
ac_cv_header_stdlib_h=yes
ac_cv_header_string_h=yes
ac_cv_header_strings_h=yes
ac_cv_header_sys_acl_h=no
ac_cv_header_sys_stat_h=yes
ac_cv_header_sys_types_h=yes
ac_cv_header_unistd_h=yes
ac_cv_lib_error_at_line=yes
ac_cv_lib_fl_main=no
ac_cv_lib_gmp_main=yes
ac_cv_lib_gmpxx_main=yes
ac_cv_objext=o
ac_cv_path_EGREP='/bin/grep -E'
ac_cv_path_GREP=/bin/grep
ac_cv_prog_CPP='gcc -E'
ac_cv_prog_CXXCPP='g++ -E'
ac_cv_prog_ac_ct_CC=gcc
ac_cv_prog_ac_ct_CXX=g++
ac_cv_prog_ac_ct_RANLIB=ranlib
ac_cv_prog_cc_c89=
ac_cv_prog_cc_g=yes
ac_cv_prog_cxx_g=yes
ac_cv_type_size_t=yes
ac_cv_working_alloca_h=yes

## ----------------- ##
## Output variables. ##
## ----------------- ##

ALLOCA=''
CC='gcc'
CFLAGS='-g -O2'
CPP='gcc -E'
CPPFLAGS=''
CXX='g++'
CXXCPP='g++ -E'
CXXFLAGS='-g -O2'
DEFS='-DHAVE_CONFIG_H'
ECHO_C=''
ECHO_N='-n'
ECHO_T=''
EGREP='/bin/grep -E'
ENABLE_BOOLECTOR='0'
ENABLE_MATHSAT='0'
ENABLE_YICES='1'
ENABLE_Z3='0'
EXEEXT=''
GREP='/bin/grep'
LDFLAGS=''
LIBOBJS=''
LIBS='-lgmpxx -lgmp '
LLVM_OBJ='/home/alextrax/FV_project/LAV/llvm-3.3.src'
LLVM_SRC='/home/alextrax/FV_project/LAV/llvm-3.3.src'
LTLIBOBJS=''
OBJEXT='o'
PACKAGE_BUGREPORT='milena@matf.bg.ac.rs'
PACKAGE_NAME='LAV'
PACKAGE_STRING='LAV 0.01'
PACKAGE_TARNAME='-lav-'
PACKAGE_URL=''
PACKAGE_VERSION='0.01'
PATH_SEPARATOR=':'
RANLIB='ranlib'
SHELL='/bin/bash'
ac_ct_CC='gcc'
ac_ct_CXX='g++'
bindir='${exec_prefix}/bin'
build_alias=''
datadir='${datarootdir}'
datarootdir='${prefix}/share'
docdir='${datarootdir}/doc/${PACKAGE_TARNAME}'
dvidir='${docdir}'
exec_prefix='${prefix}'
host_alias=''
htmldir='${docdir}'
includedir='${prefix}/include'
infodir='${datarootdir}/info'
libdir='${exec_prefix}/lib'
libexecdir='${exec_prefix}/libexec'
localedir='${datarootdir}/locale'
localstatedir='${prefix}/var'
mandir='${datarootdir}/man'
oldincludedir='/usr/include'
pdfdir='${docdir}'
prefix='/home/alextrax/FV_project/LAV/LAV/install'
program_transform_name='s,x,x,'
psdir='${docdir}'
sbindir='${exec_prefix}/sbin'
sharedstatedir='${prefix}/com'
sysconfdir='${prefix}/etc'
target_alias=''

## ----------- ##
## confdefs.h. ##
## ----------- ##

/* confdefs.h */
#define PACKAGE_NAME "LAV"
#define PACKAGE_TARNAME "-lav-"
#define PACKAGE_VERSION "0.01"
#define PACKAGE_STRING "LAV 0.01"
#define PACKAGE_BUGREPORT "milena@matf.bg.ac.rs"
#define PACKAGE_URL ""
#define YICES 1
#define HAVE_LIBGMP 1
#define HAVE_LIBGMPXX 1
#define STDC_HEADERS 1
#define HAVE_SYS_TYPES_H 1
#define HAVE_SYS_STAT_H 1
#define HAVE_STDLIB_H 1
#define HAVE_STRING_H 1
#define HAVE_MEMORY_H 1
#define HAVE_STRINGS_H 1
#define HAVE_INTTYPES_H 1
#define HAVE_STDINT_H 1
#define HAVE_UNISTD_H 1
#define HAVE_ALLOCA_H 1
#define HAVE_ALLOCA 1
#define HAVE_INTTYPES_H 1
#define HAVE_LIBINTL_H 1
#define HAVE_LIMITS_H 1
#define HAVE_MALLOC_H 1
#define HAVE_MEMORY_H 1
#define HAVE_STDDEF_H 1
#define LSTAT_FOLLOWS_SLASHED_SYMLINK 1
#define HAVE_STDLIB_H 1
#define HAVE_MALLOC 1
#define HAVE_STDLIB_H 1
#define HAVE_REALLOC 1
#define HAVE_ATEXIT 1
#define HAVE_MEMSET 1
#define HAVE_POW 1
#define HAVE_SELECT 1
#define HAVE_STRERROR 1
#define HAVE_STRSTR 1

configure: exit 0
